<?xml version="1.0" encoding="UTF-8"?>
<testsuite xmlns:xsi="http://www.w3.org/2001/XMLSchema-instance" xsi:noNamespaceSchemaLocation="https://maven.apache.org/surefire/maven-surefire-plugin/xsd/surefire-test-report-3.0.xsd" version="3.0" name="com.pangan.demo.DemoApplicationTests" time="3.25" tests="1" errors="0" skipped="0" failures="0">
  <properties>
[...]
</properties>
  <testcase name="contextLoads" classname="com.pangan.demo.DemoApplicationTests" time="1.066">
    <system-out><![CDATA[11:48:50.196 [main] INFO org.springframework.test.context.support.AnnotationConfigContextLoaderUtils -- Could not detect default configuration classes for test class [com.pangan.demo.DemoApplicationTests]: DemoApplicationTests does not declare any static, non-private, non-final, nested classes annotated with @Configuration.
11:48:50.351 [main] INFO org.springframework.boot.test.context.SpringBootTestContextBootstrapper -- Found @SpringBootConfiguration com.pangan.demo.DemoApplication for test class com.pangan.demo.DemoApplicationTests

  .   ____          _            __ _ _
 /\\ / ___'_ __ _ _(_)_ __  __ _ \ \ \ \
( ( )\___ | '_ | '_| | '_ \/ _` | \ \ \ \
 \\/  ___)| |_)| | | | | || (_| |  ) ) ) )
  '  |____| .__|_| |_|_| |_\__, | / / / /
 =========|_|==============|___/=/_/_/_/
 :: Spring Boot ::                (v3.1.2)

2023-08-16T11:48:50.807+08:00  INFO 2988 --- [           main] com.pangan.demo.DemoApplicationTests     : Starting DemoApplicationTests using Java 20.0.2 with PID 2988 (started by User in C:\Users\User\Downloads\demo)
2023-08-16T11:48:50.809+08:00  INFO 2988 --- [           main] com.pangan.demo.DemoApplicationTests     : No active profile set, falling back to 1 default profile: "default"
2023-08-16T11:48:52.103+08:00  INFO 2988 --- [           main] com.pangan.demo.DemoApplicationTests     : Started DemoApplicationTests in 1.579 seconds (process running for 3.421)
]]></system-out>
  </testcase>
</testsuite>